2026-03-20 14:10:09,234 - API_MONITOR - INFO - Path: /api/search | Method: GET | Latency: 0.0046s | Status: 307
2026-03-20 14:10:09,273 - API_MONITOR - INFO - Path: /api/search | Method: GET | Latency: 0.0027s | Status: 307
2026-03-20 14:10:14,086 - API_MONITOR - INFO - Path: /api/movies/toprated | Method: GET | Latency: 6.6392s | Status: 200
2026-03-20 14:10:16,984 - API_MONITOR - INFO - Path: /api/search/ | Method: GET | Latency: 3.7733s | Status: 200
2026-03-20 14:10:17,791 - API_MONITOR - INFO - Path: /api/movies/genre/Action | Method: GET | Latency: 3.3803s | Status: 200
2026-03-20 14:10:20,900 - API_MONITOR - INFO - Path: /api/movies/genre/Romance | Method: GET | Latency: 3.0991s | Status: 200
2026-03-20 14:10:21,094 - API_MONITOR - INFO - Path: /api/movies/genre/Action | Method: GET | Latency: 3.2989s | Status: 200
2026-03-20 14:10:25,788 - API_MONITOR - INFO - Path: /api/movies/genre/Sci-Fi | Method: GET | Latency: 3.3009s | Status: 200
2026-03-20 14:24:15,256 - API_MONITOR - INFO - Path: /api/movies/anime | Method: GET | Latency: 1.1182s | Status: 200
2026-03-20 14:24:15,297 - API_MONITOR - INFO - Path: /api/movies/trending | Method: GET | Latency: 1.4892s | Status: 200
2026-03-20 14:24:15,311 - API_MONITOR - INFO - Path: /api/movies/bollywood | Method: GET | Latency: 1.1672s | Status: 200
2026-03-20 14:24:15,348 - API_MONITOR - INFO - Path: /api/movies/toprated | Method: GET | Latency: 1.2033s | Status: 200
2026-03-20 14:24:15,373 - API_MONITOR - INFO - Path: /api/movies/trending | Method: GET | Latency: 0.0429s | Status: 200
2026-03-20 14:24:15,380 - API_MONITOR - INFO - Path: /api/movies/anime | Method: GET | Latency: 0.0586s | Status: 200
2026-03-20 14:24:15,412 - API_MONITOR - INFO - Path: /api/movies/bollywood | Method: GET | Latency: 0.0547s | Status: 200
2026-03-20 14:24:15,465 - API_MONITOR - INFO - Path: /api/movies/toprated | Method: GET | Latency: 0.0810s | Status: 200
2026-03-20 14:24:15,855 - API_MONITOR - INFO - Path: /api/movies/genre/Comedy | Method: GET | Latency: 0.1044s | Status: 200
2026-03-20 14:24:15,975 - API_MONITOR - INFO - Path: /api/movies/genre/Comedy | Method: GET | Latency: 0.0860s | Status: 200
2026-03-20 14:24:17,702 - API_MONITOR - INFO - Path: /api/movies/genre/Action | Method: GET | Latency: 0.1487s | Status: 200
2026-03-20 14:24:17,760 - API_MONITOR - INFO - Path: /api/movies/genre/Romance | Method: GET | Latency: 0.0502s | Status: 200
2026-03-20 14:24:17,808 - API_MONITOR - INFO - Path: /api/movies/genre/Horror | Method: GET | Latency: 0.0399s | Status: 200
2026-03-20 14:24:19,720 - API_MONITOR - INFO - Path: /api/movies/genre/Action | Method: GET | Latency: 0.1979s | Status: 200
2026-03-20 14:24:19,924 - API_MONITOR - INFO - Path: /api/movies/genre/Romance | Method: GET | Latency: 0.1969s | Status: 200
2026-03-20 14:24:20,084 - API_MONITOR - INFO - Path: /api/movies/genre/Horror | Method: GET | Latency: 0.1459s | Status: 200
2026-03-20 14:24:20,721 - API_MONITOR - INFO - Path: /api/movies/series | Method: GET | Latency: 5.4108s | Status: 200
2026-03-20 14:24:21,512 - API_MONITOR - INFO - Path: /api/movies/13 | Method: GET | Latency: 0.1570s | Status: 200
2026-03-20 14:24:21,571 - API_MONITOR - INFO - Path: /api/movies/13 | Method: GET | Latency: 0.0511s | Status: 200
2026-03-21 22:10:21,230 - API_MONITOR - INFO - Path: /api/movies/trending | Method: GET | Latency: 0.2554s | Status: 200
2026-03-21 22:10:21,268 - API_MONITOR - INFO - Path: /api/movies/anime | Method: GET | Latency: 0.2895s | Status: 200
2026-03-21 22:10:21,362 - API_MONITOR - INFO - Path: /api/movies/trending | Method: GET | Latency: 0.0512s | Status: 200
2026-03-21 22:10:21,451 - API_MONITOR - INFO - Path: /api/movies/anime | Method: GET | Latency: 0.1343s | Status: 200
2026-03-21 22:10:21,675 - API_MONITOR - INFO - Path: /api/movies/bollywood | Method: GET | Latency: 0.6968s | Status: 200
2026-03-21 22:10:21,708 - API_MONITOR - INFO - Path: /api/movies/toprated | Method: GET | Latency: 0.7293s | Status: 200
2026-03-21 22:10:21,747 - API_MONITOR - INFO - Path: /api/movies/bollywood | Method: GET | Latency: 0.0616s | Status: 200
2026-03-21 22:10:21,775 - API_MONITOR - INFO - Path: /api/movies/toprated | Method: GET | Latency: 0.0502s | Status: 200
2026-03-21 22:10:29,452 - API_MONITOR - INFO - Path: /api/movies/nowplaying | Method: GET | Latency: 8.4626s | Status: 200
2026-03-21 22:10:29,977 - API_MONITOR - INFO - Path: /api/movies/genre/Action | Method: GET | Latency: 0.1866s | Status: 200
2026-03-21 22:10:30,012 - API_MONITOR - INFO - Path: /api/movies/trending | Method: GET | Latency: 0.1714s | Status: 200
2026-03-21 22:10:30,040 - API_MONITOR - INFO - Path: /api/movies/toprated | Method: GET | Latency: 0.0517s | Status: 200
2026-03-21 22:10:30,072 - API_MONITOR - INFO - Path: /api/movies/bollywood | Method: GET | Latency: 0.0529s | Status: 200
2026-03-21 22:10:30,107 - API_MONITOR - INFO - Path: /api/movies/genre/Romance | Method: GET | Latency: 0.0582s | Status: 200
2026-03-21 22:10:30,160 - API_MONITOR - INFO - Path: /api/movies/anime | Method: GET | Latency: 0.0677s | Status: 200
2026-03-21 22:10:30,246 - API_MONITOR - INFO - Path: /api/movies/genre/Horror | Method: GET | Latency: 0.1110s | Status: 200
2026-03-21 22:10:30,639 - API_MONITOR - INFO - Path: /api/movies/trending | Method: GET | Latency: 0.0398s | Status: 200
2026-03-21 22:10:31,563 - API_MONITOR - INFO - Path: /api/movies/toprated | Method: GET | Latency: 0.0685s | Status: 200
2026-03-21 22:10:31,730 - API_MONITOR - INFO - Path: /api/movies/bollywood | Method: GET | Latency: 0.0379s | Status: 200
2026-03-21 22:10:31,895 - API_MONITOR - INFO - Path: /api/movies/anime | Method: GET | Latency: 0.0371s | Status: 200
2026-03-21 22:10:35,744 - API_MONITOR - INFO - Path: /api/movies/genre/Action | Method: GET | Latency: 0.0985s | Status: 200
2026-03-21 22:10:35,799 - API_MONITOR - INFO - Path: /api/movies/genre/Romance | Method: GET | Latency: 0.0381s | Status: 200
2026-03-21 22:10:35,852 - API_MONITOR - INFO - Path: /api/movies/genre/Horror | Method: GET | Latency: 0.0378s | Status: 200
2026-03-21 22:10:37,344 - API_MONITOR - INFO - Path: /api/movies/nowplaying | Method: GET | Latency: 7.8592s | Status: 200
2026-03-21 22:10:37,932 - API_MONITOR - INFO - Path: /api/movies/genre/Sci-Fi | Method: GET | Latency: 7.6594s | Status: 200
2026-03-21 22:10:42,549 - API_MONITOR - INFO - Path: /api/movies/nowplaying | Method: GET | Latency: 6.8878s | Status: 200
2026-03-21 22:10:42,645 - API_MONITOR - INFO - Path: /api/movies/genre/Action | Method: GET | Latency: 0.0777s | Status: 200
2026-03-21 22:10:42,713 - API_MONITOR - INFO - Path: /api/movies/genre/Romance | Method: GET | Latency: 0.0544s | Status: 200
2026-03-21 22:10:42,779 - API_MONITOR - INFO - Path: /api/movies/genre/Horror | Method: GET | Latency: 0.0464s | Status: 200
2026-03-21 22:10:44,376 - API_MONITOR - INFO - Path: /api/movies/genre/Sci-Fi | Method: GET | Latency: 6.3971s | Status: 200
2026-03-21 22:10:45,702 - API_MONITOR - INFO - Path: /api/movies/genre/Action | Method: GET | Latency: 0.0719s | Status: 200
2026-03-21 22:10:45,774 - API_MONITOR - INFO - Path: /api/movies/genre/Romance | Method: GET | Latency: 0.0522s | Status: 200
2026-03-21 22:10:45,844 - API_MONITOR - INFO - Path: /api/movies/genre/Horror | Method: GET | Latency: 0.0382s | Status: 200
2026-03-21 22:10:47,759 - API_MONITOR - INFO - Path: /api/movies/nowplaying | Method: GET | Latency: 5.2061s | Status: 200
2026-03-21 22:10:49,412 - API_MONITOR - INFO - Path: /api/movies/genre/Sci-Fi | Method: GET | Latency: 5.0321s | Status: 200
2026-03-21 22:10:53,541 - API_MONITOR - INFO - Path: /api/movies/genre/Sci-Fi | Method: GET | Latency: 4.1252s | Status: 200
2026-03-21 22:11:03,451 - API_MONITOR - INFO - Path: /api/movies/genre/Adventure | Method: GET | Latency: 0.0687s | Status: 200
2026-03-21 22:11:03,495 - API_MONITOR - INFO - Path: /api/movies/genre/Adventure | Method: GET | Latency: 0.0401s | Status: 200
2026-03-21 22:11:12,754 - API_MONITOR - INFO - Path: /api/movies/genre/Comedy | Method: GET | Latency: 0.0747s | Status: 200
2026-03-21 22:11:19,715 - API_MONITOR - INFO - Path: /api/movies/13 | Method: GET | Latency: 0.0403s | Status: 200
2026-03-21 22:11:20,085 - API_MONITOR - INFO - Path: /api/movies/13 | Method: GET | Latency: 0.0326s | Status: 200
2026-03-21 22:11:29,207 - API_MONITOR - INFO - Path: /api/search | Method: GET | Latency: 0.0008s | Status: 307
2026-03-21 22:11:29,215 - API_MONITOR - INFO - Path: /api/search | Method: GET | Latency: 0.0009s | Status: 307
2026-03-21 22:11:34,929 - API_MONITOR - INFO - Path: /api/movies/trending | Method: GET | Latency: 0.0963s | Status: 200
2026-03-21 22:11:34,972 - API_MONITOR - INFO - Path: /api/movies/toprated | Method: GET | Latency: 0.0402s | Status: 200
2026-03-21 22:11:35,016 - API_MONITOR - INFO - Path: /api/movies/bollywood | Method: GET | Latency: 0.0408s | Status: 200
2026-03-21 22:11:35,059 - API_MONITOR - INFO - Path: /api/movies/anime | Method: GET | Latency: 0.0395s | Status: 200
2026-03-21 22:11:35,104 - API_MONITOR - INFO - Path: /api/movies/trending | Method: GET | Latency: 0.0406s | Status: 200
2026-03-21 22:11:35,148 - API_MONITOR - INFO - Path: /api/movies/toprated | Method: GET | Latency: 0.0401s | Status: 200
2026-03-21 22:11:35,174 - API_MONITOR - INFO - Path: /api/movies/bollywood | Method: GET | Latency: 0.0344s | Status: 200
2026-03-21 22:11:35,201 - API_MONITOR - INFO - Path: /api/movies/anime | Method: GET | Latency: 0.0603s | Status: 200
2026-03-21 22:11:37,737 - API_MONITOR - INFO - Path: /api/movies/nowplaying | Method: GET | Latency: 2.9036s | Status: 200
2026-03-21 22:11:37,847 - API_MONITOR - INFO - Path: /api/movies/genre/Action | Method: GET | Latency: 0.1055s | Status: 200
2026-03-21 22:11:37,883 - API_MONITOR - INFO - Path: /api/movies/genre/Romance | Method: GET | Latency: 0.0322s | Status: 200
2026-03-21 22:11:37,923 - API_MONITOR - INFO - Path: /api/movies/genre/Horror | Method: GET | Latency: 0.0333s | Status: 200
2026-03-21 22:11:38,650 - API_MONITOR - INFO - Path: /api/movies/genre/Animation | Method: GET | Latency: 0.0793s | Status: 200
2026-03-21 22:11:38,693 - API_MONITOR - INFO - Path: /api/movies/genre/Animation | Method: GET | Latency: 0.0371s | Status: 200
2026-03-21 22:11:41,635 - API_MONITOR - INFO - Path: /api/movies/nowplaying | Method: GET | Latency: 3.8954s | Status: 200
2026-03-21 22:11:41,710 - API_MONITOR - INFO - Path: /api/movies/genre/Action | Method: GET | Latency: 0.0674s | Status: 200
2026-03-21 22:11:41,763 - API_MONITOR - INFO - Path: /api/movies/genre/Romance | Method: GET | Latency: 0.0458s | Status: 200
2026-03-21 22:11:41,812 - API_MONITOR - INFO - Path: /api/movies/genre/Horror | Method: GET | Latency: 0.0440s | Status: 200
2026-03-21 22:11:41,927 - API_MONITOR - INFO - Path: /api/movies/genre/Sci-Fi | Method: GET | Latency: 3.9992s | Status: 200
2026-03-21 22:11:44,344 - API_MONITOR - INFO - Path: /api/movies/genre/Sci-Fi | Method: GET | Latency: 2.4141s | Status: 200
2026-03-21 22:11:45,505 - API_MONITOR - INFO - Path: /api/movies/trending | Method: GET | Latency: 0.0752s | Status: 200
2026-03-21 22:11:45,506 - API_MONITOR - INFO - Path: /api/movies/toprated | Method: GET | Latency: 0.0747s | Status: 200
2026-03-21 22:11:45,511 - API_MONITOR - INFO - Path: /api/movies/anime | Method: GET | Latency: 0.0784s | Status: 200
2026-03-21 22:11:45,548 - API_MONITOR - INFO - Path: /api/movies/toprated | Method: GET | Latency: 0.0333s | Status: 200
2026-03-21 22:11:45,553 - API_MONITOR - INFO - Path: /api/movies/trending | Method: GET | Latency: 0.0409s | Status: 200
2026-03-21 22:11:45,598 - API_MONITOR - INFO - Path: /api/movies/anime | Method: GET | Latency: 0.0468s | Status: 200
2026-03-21 22:11:45,895 - API_MONITOR - INFO - Path: /api/movies/bollywood | Method: GET | Latency: 0.4616s | Status: 200
2026-03-21 22:11:45,956 - API_MONITOR - INFO - Path: /api/movies/bollywood | Method: GET | Latency: 0.0591s | Status: 200
2026-03-21 22:11:47,985 - API_MONITOR - INFO - Path: /api/movies/nowplaying | Method: GET | Latency: 2.4746s | Status: 200
2026-03-21 22:11:48,061 - API_MONITOR - INFO - Path: /api/movies/genre/Action | Method: GET | Latency: 0.0707s | Status: 200
2026-03-21 22:11:48,141 - API_MONITOR - INFO - Path: /api/movies/genre/Romance | Method: GET | Latency: 0.0731s | Status: 200
2026-03-21 22:11:48,192 - API_MONITOR - INFO - Path: /api/movies/genre/Horror | Method: GET | Latency: 0.0452s | Status: 200
2026-03-21 22:11:51,938 - API_MONITOR - INFO - Path: /api/movies/genre/Sci-Fi | Method: GET | Latency: 3.7390s | Status: 200
2026-03-21 22:11:52,033 - API_MONITOR - INFO - Path: /api/movies/nowplaying | Method: GET | Latency: 4.0455s | Status: 200
2026-03-21 22:25:08,520 - API_MONITOR - INFO - Path: /api/movies/bollywood | Method: GET | Latency: 0.1616s | Status: 200
2026-03-21 22:25:08,571 - API_MONITOR - INFO - Path: /api/movies/anime | Method: GET | Latency: 0.0869s | Status: 200
2026-03-21 22:25:08,603 - API_MONITOR - INFO - Path: /api/movies/bollywood | Method: GET | Latency: 0.0568s | Status: 200
2026-03-21 22:25:08,682 - API_MONITOR - INFO - Path: /api/movies/anime | Method: GET | Latency: 0.0592s | Status: 200
2026-03-21 22:25:08,858 - API_MONITOR - INFO - Path: /api/movies/trending | Method: GET | Latency: 0.4995s | Status: 200
2026-03-21 22:25:08,928 - API_MONITOR - INFO - Path: /api/movies/toprated | Method: GET | Latency: 0.4441s | Status: 200
2026-03-21 22:25:09,066 - API_MONITOR - INFO - Path: /api/movies/trending | Method: GET | Latency: 0.0707s | Status: 200
2026-03-21 22:25:09,143 - API_MONITOR - INFO - Path: /api/movies/toprated | Method: GET | Latency: 0.0628s | Status: 200
2026-03-21 22:25:20,629 - API_MONITOR - INFO - Path: /api/movies/nowplaying | Method: GET | Latency: 12.2904s | Status: 200
2026-03-21 22:25:21,109 - API_MONITOR - INFO - Path: /api/movies/genre/Action | Method: GET | Latency: 0.1579s | Status: 200
2026-03-21 22:25:21,221 - API_MONITOR - INFO - Path: /api/movies/genre/Romance | Method: GET | Latency: 0.0453s | Status: 200
2026-03-21 22:25:21,362 - API_MONITOR - INFO - Path: /api/movies/genre/Horror | Method: GET | Latency: 0.0452s | Status: 200
2026-03-21 22:25:21,608 - API_MONITOR - INFO - Path: /api/movies/genre/Drama | Method: GET | Latency: 0.0931s | Status: 200
2026-03-21 22:25:21,737 - API_MONITOR - INFO - Path: /api/movies/genre/Drama | Method: GET | Latency: 0.0485s | Status: 200
2026-03-21 22:25:22,651 - API_MONITOR - INFO - Path: /api/movies/genre/Action | Method: GET | Latency: 0.1205s | Status: 200
2026-03-21 22:25:23,055 - API_MONITOR - INFO - Path: /api/movies/genre/Romance | Method: GET | Latency: 0.1832s | Status: 200
2026-03-21 22:25:23,334 - API_MONITOR - INFO - Path: /api/movies/genre/Horror | Method: GET | Latency: 0.0762s | Status: 200
2026-03-21 22:25:28,929 - API_MONITOR - INFO - Path: /api/movies/genre/Drama | Method: GET | Latency: 0.1479s | Status: 200
2026-03-21 22:25:34,405 - API_MONITOR - INFO - Path: /api/movies/genre/Drama | Method: GET | Latency: 0.1191s | Status: 200
2026-03-21 22:25:35,197 - API_MONITOR - INFO - Path: /api/movies/nowplaying | Method: GET | Latency: 14.5555s | Status: 200
2026-03-21 22:25:39,469 - API_MONITOR - INFO - Path: /api/movies/genre/Sci-Fi | Method: GET | Latency: 18.0009s | Status: 200
2026-03-21 22:25:41,753 - API_MONITOR - INFO - Path: /api/movies/genre/Drama | Method: GET | Latency: 0.0682s | Status: 200
2026-03-21 22:25:49,849 - API_MONITOR - INFO - Path: /api/movies/genre/Drama | Method: GET | Latency: 0.1335s | Status: 200
2026-03-21 22:25:51,088 - API_MONITOR - INFO - Path: /api/movies/genre/Sci-Fi | Method: GET | Latency: 14.6612s | Status: 200
2026-03-21 22:25:55,994 - API_MONITOR - INFO - Path: /api/movies/genre/Drama | Method: GET | Latency: 0.0792s | Status: 200
2026-03-21 22:25:57,368 - API_MONITOR - INFO - Path: /api/movies/trending | Method: GET | Latency: 0.0532s | Status: 200
2026-03-21 22:25:57,480 - API_MONITOR - INFO - Path: /api/movies/toprated | Method: GET | Latency: 0.0673s | Status: 200
2026-03-21 22:25:57,628 - API_MONITOR - INFO - Path: /api/movies/bollywood | Method: GET | Latency: 0.1063s | Status: 200
2026-03-21 22:25:57,763 - API_MONITOR - INFO - Path: /api/movies/toprated | Method: GET | Latency: 0.0994s | Status: 200
2026-03-21 22:25:57,835 - API_MONITOR - INFO - Path: /api/movies/trending | Method: GET | Latency: 0.1509s | Status: 200
2026-03-21 22:25:57,870 - API_MONITOR - INFO - Path: /api/movies/anime | Method: GET | Latency: 0.1825s | Status: 200
2026-03-21 22:25:57,948 - API_MONITOR - INFO - Path: /api/movies/anime | Method: GET | Latency: 0.0505s | Status: 200
2026-03-21 22:25:58,446 - API_MONITOR - INFO - Path: /api/movies/bollywood | Method: GET | Latency: 0.7580s | Status: 200
2026-03-21 22:26:11,308 - API_MONITOR - INFO - Path: /api/movies/nowplaying | Method: GET | Latency: 13.9956s | Status: 200
2026-03-21 22:26:11,569 - API_MONITOR - INFO - Path: /api/movies/genre/Action | Method: GET | Latency: 0.1879s | Status: 200
2026-03-21 22:26:11,717 - API_MONITOR - INFO - Path: /api/movies/genre/Romance | Method: GET | Latency: 0.0855s | Status: 200
2026-03-21 22:26:11,880 - API_MONITOR - INFO - Path: /api/movies/genre/Horror | Method: GET | Latency: 0.0839s | Status: 200
2026-03-21 22:26:12,834 - API_MONITOR - INFO - Path: /api/movies/genre/Action | Method: GET | Latency: 0.1655s | Status: 200
2026-03-21 22:26:12,998 - API_MONITOR - INFO - Path: /api/movies/genre/Romance | Method: GET | Latency: 0.0661s | Status: 200
2026-03-21 22:26:13,317 - API_MONITOR - INFO - Path: /api/movies/genre/Horror | Method: GET | Latency: 0.1446s | Status: 200
2026-03-21 22:26:15,404 - API_MONITOR - INFO - Path: /api/movies/genre/Sci-fi | Method: GET | Latency: 14.4181s | Status: 200
2026-03-21 22:26:19,785 - API_MONITOR - INFO - Path: /api/movies/genre/Romance | Method: GET | Latency: 0.1107s | Status: 200
2026-03-21 22:26:23,967 - API_MONITOR - INFO - Path: /api/movies/398818 | Method: GET | Latency: 0.0686s | Status: 200
2026-03-21 22:26:24,297 - API_MONITOR - INFO - Path: /api/movies/398818 | Method: GET | Latency: 0.0911s | Status: 200
2026-03-21 22:26:27,205 - API_MONITOR - INFO - Path: /api/movies/nowplaying | Method: GET | Latency: 15.8419s | Status: 200
2026-03-21 22:26:27,792 - API_MONITOR - INFO - Path: /api/movies/genre/Sci-Fi | Method: GET | Latency: 15.8428s | Status: 200
2026-03-21 22:26:30,879 - API_MONITOR - INFO - Path: /api/movies/genre/Sci-fi | Method: GET | Latency: 15.3867s | Status: 200
2026-03-21 22:26:43,726 - API_MONITOR - INFO - Path: /api/movies/genre/Sci-Fi | Method: GET | Latency: 16.7539s | Status: 200
2026-03-21 22:26:49,820 - API_MONITOR - INFO - Path: /api/search | Method: GET | Latency: 0.0011s | Status: 307
2026-03-21 22:26:49,875 - API_MONITOR - INFO - Path: /api/search | Method: GET | Latency: 0.0037s | Status: 307
2026-03-21 22:26:52,638 - API_MONITOR - INFO - Path: /api/search | Method: GET | Latency: 0.0007s | Status: 307
2026-03-21 22:27:00,139 - API_MONITOR - INFO - Path: /api/movies/bollywood | Method: GET | Latency: 0.1171s | Status: 200
2026-03-21 22:27:00,177 - API_MONITOR - INFO - Path: /api/movies/trending | Method: GET | Latency: 0.1470s | Status: 200
2026-03-21 22:27:00,232 - API_MONITOR - INFO - Path: /api/movies/anime | Method: GET | Latency: 0.2065s | Status: 200
2026-03-21 22:27:00,280 - API_MONITOR - INFO - Path: /api/movies/toprated | Method: GET | Latency: 0.2446s | Status: 200
2026-03-21 22:27:00,417 - API_MONITOR - INFO - Path: /api/movies/bollywood | Method: GET | Latency: 0.1125s | Status: 200
2026-03-21 22:27:00,462 - API_MONITOR - INFO - Path: /api/movies/anime | Method: GET | Latency: 0.1441s | Status: 200
2026-03-21 22:27:00,492 - API_MONITOR - INFO - Path: /api/movies/trending | Method: GET | Latency: 0.1571s | Status: 200
2026-03-21 22:27:00,531 - API_MONITOR - INFO - Path: /api/movies/toprated | Method: GET | Latency: 0.1831s | Status: 200
2026-03-21 22:27:17,875 - API_MONITOR - INFO - Path: /api/movies/nowplaying | Method: GET | Latency: 17.8955s | Status: 200
2026-03-21 22:27:20,074 - API_MONITOR - INFO - Path: /api/movies/genre/Documentary | Method: GET | Latency: 15.8165s | Status: 200
2026-03-21 22:27:36,352 - API_MONITOR - INFO - Path: /api/movies/nowplaying | Method: GET | Latency: 18.1357s | Status: 200
2026-03-21 22:27:52,523 - API_MONITOR - INFO - Path: /api/movies/genre/Documentary | Method: GET | Latency: 32.0962s | Status: 200
2026-03-21 23:51:45,180 - API_MONITOR - INFO - Path: / | Method: GET | Latency: 0.0258s | Status: 200
2026-03-22 00:23:01,685 - API_MONITOR - INFO - Path: /api/movies/toprated | Method: GET | Latency: 0.1016s | Status: 200
2026-03-22 00:23:01,719 - API_MONITOR - INFO - Path: /api/movies/trending | Method: GET | Latency: 0.1142s | Status: 200
2026-03-22 00:23:01,926 - API_MONITOR - INFO - Path: /api/movies/indian | Method: GET | Latency: 0.3354s | Status: 200
2026-03-22 00:23:01,977 - API_MONITOR - INFO - Path: /api/movies/anime | Method: GET | Latency: 0.3720s | Status: 200
2026-03-22 00:23:03,918 - API_MONITOR - INFO - Path: /api/movies/trending | Method: GET | Latency: 0.0647s | Status: 200
2026-03-22 00:23:03,937 - API_MONITOR - INFO - Path: /api/movies/toprated | Method: GET | Latency: 0.0742s | Status: 200
2026-03-22 00:23:03,963 - API_MONITOR - INFO - Path: /api/movies/anime | Method: GET | Latency: 0.0887s | Status: 200
2026-03-22 00:23:04,219 - API_MONITOR - INFO - Path: /api/movies/indian | Method: GET | Latency: 0.3390s | Status: 200
2026-03-22 00:23:08,209 - API_MONITOR - INFO - Path: /api/movies/nowplaying | Method: GET | Latency: 6.6367s | Status: 200
2026-03-22 00:23:08,469 - API_MONITOR - INFO - Path: /api/movies/series | Method: GET | Latency: 6.8637s | Status: 200
2026-03-22 00:23:10,324 - API_MONITOR - INFO - Path: /api/movies/nowplaying | Method: GET | Latency: 6.4726s | Status: 200
2026-03-22 00:23:10,436 - API_MONITOR - INFO - Path: /api/movies/series | Method: GET | Latency: 6.5603s | Status: 200
2026-03-22 00:23:40,939 - API_MONITOR - INFO - Path: /api/movies/456 | Method: GET | Latency: 2.1112s | Status: 200
2026-03-22 00:23:43,598 - API_MONITOR - INFO - Path: /api/movies/456 | Method: GET | Latency: 2.6525s | Status: 200
2026-03-22 00:23:53,748 - API_MONITOR - INFO - Path: /api/recommendations/456 | Method: GET | Latency: 10.1461s | Status: 200
2026-03-22 00:24:03,289 - API_MONITOR - INFO - Path: /api/recommendations/456 | Method: GET | Latency: 9.5301s | Status: 200
2026-03-22 00:24:03,328 - API_MONITOR - INFO - Path: /api/movies/indian | Method: GET | Latency: 0.0366s | Status: 200
2026-03-22 00:24:03,337 - API_MONITOR - INFO - Path: /api/movies/trending | Method: GET | Latency: 0.0457s | Status: 200
2026-03-22 00:24:03,367 - API_MONITOR - INFO - Path: /api/movies/anime | Method: GET | Latency: 0.0758s | Status: 200
2026-03-22 00:24:03,368 - API_MONITOR - INFO - Path: /api/movies/indian | Method: GET | Latency: 0.0370s | Status: 200
2026-03-22 00:24:03,373 - API_MONITOR - INFO - Path: /api/movies/toprated | Method: GET | Latency: 0.0816s | Status: 200
2026-03-22 00:24:03,385 - API_MONITOR - INFO - Path: /api/movies/trending | Method: GET | Latency: 0.0450s | Status: 200
2026-03-22 00:24:03,411 - API_MONITOR - INFO - Path: /api/movies/toprated | Method: GET | Latency: 0.0358s | Status: 200
2026-03-22 00:24:03,430 - API_MONITOR - INFO - Path: /api/movies/anime | Method: GET | Latency: 0.0558s | Status: 200
2026-03-22 00:24:06,569 - API_MONITOR - INFO - Path: /api/movies/nowplaying | Method: GET | Latency: 3.2781s | Status: 200
2026-03-22 00:24:06,643 - API_MONITOR - INFO - Path: /api/movies/series | Method: GET | Latency: 3.3455s | Status: 200
2026-03-22 00:24:09,701 - API_MONITOR - INFO - Path: /api/movies/nowplaying | Method: GET | Latency: 3.1283s | Status: 200
2026-03-22 00:24:09,757 - API_MONITOR - INFO - Path: /api/movies/series | Method: GET | Latency: 3.1118s | Status: 200
2026-03-22 00:24:16,567 - API_MONITOR - INFO - Path: /api/movies/157336 | Method: GET | Latency: 0.0510s | Status: 200
2026-03-22 00:24:16,633 - API_MONITOR - INFO - Path: /api/movies/157336 | Method: GET | Latency: 0.0604s | Status: 200
2026-03-22 00:24:25,949 - API_MONITOR - INFO - Path: /api/recommendations/157336 | Method: GET | Latency: 9.3121s | Status: 200
2026-03-22 00:24:36,035 - API_MONITOR - INFO - Path: /api/recommendations/157336 | Method: GET | Latency: 10.0829s | Status: 200
2026-03-22 00:26:13,880 - API_MONITOR - INFO - Path: /api/movies/13475 | Method: GET | Latency: 1.3020s | Status: 200
2026-03-22 00:26:15,148 - API_MONITOR - INFO - Path: /api/movies/13475 | Method: GET | Latency: 1.2663s | Status: 200
2026-03-22 00:26:26,335 - API_MONITOR - INFO - Path: /api/recommendations/13475 | Method: GET | Latency: 11.1851s | Status: 200
2026-03-22 00:26:36,986 - API_MONITOR - INFO - Path: /api/recommendations/13475 | Method: GET | Latency: 10.6475s | Status: 200
2026-03-22 00:26:37,076 - API_MONITOR - INFO - Path: /api/movies/indian | Method: GET | Latency: 0.0723s | Status: 200
2026-03-22 00:26:37,092 - API_MONITOR - INFO - Path: /api/movies/trending | Method: GET | Latency: 0.0862s | Status: 200
2026-03-22 00:26:37,124 - API_MONITOR - INFO - Path: /api/movies/anime | Method: GET | Latency: 0.1189s | Status: 200
2026-03-22 00:26:37,139 - API_MONITOR - INFO - Path: /api/movies/toprated | Method: GET | Latency: 0.1329s | Status: 200
2026-03-22 00:26:37,188 - API_MONITOR - INFO - Path: /api/movies/indian | Method: GET | Latency: 0.0530s | Status: 200
2026-03-22 00:26:37,201 - API_MONITOR - INFO - Path: /api/movies/trending | Method: GET | Latency: 0.0622s | Status: 200
2026-03-22 00:26:37,221 - API_MONITOR - INFO - Path: /api/movies/toprated | Method: GET | Latency: 0.0617s | Status: 200
2026-03-22 00:26:37,243 - API_MONITOR - INFO - Path: /api/movies/anime | Method: GET | Latency: 0.0856s | Status: 200
2026-03-22 00:26:44,427 - API_MONITOR - INFO - Path: /api/movies/series | Method: GET | Latency: 7.4121s | Status: 200
2026-03-22 00:26:44,583 - API_MONITOR - INFO - Path: /api/movies/nowplaying | Method: GET | Latency: 7.5776s | Status: 200
2026-03-22 00:26:52,840 - API_MONITOR - INFO - Path: /api/movies/nowplaying | Method: GET | Latency: 8.2454s | Status: 200
2026-03-22 00:26:53,414 - API_MONITOR - INFO - Path: /api/movies/1290821 | Method: GET | Latency: 0.0453s | Status: 200
2026-03-22 00:27:05,826 - API_MONITOR - INFO - Path: /api/movies/1290821 | Method: GET | Latency: 12.3890s | Status: 200
2026-03-22 00:27:05,831 - API_MONITOR - INFO - Path: /api/recommendations/1290821 | Method: GET | Latency: 12.3512s | Status: 200
2026-03-22 00:27:05,839 - API_MONITOR - INFO - Path: /api/movies/series | Method: GET | Latency: 21.3937s | Status: 200
2026-03-22 00:27:05,945 - API_MONITOR - INFO - Path: /api/movies/trending | Method: GET | Latency: 0.1037s | Status: 200
2026-03-22 00:27:05,977 - API_MONITOR - INFO - Path: /api/movies/toprated | Method: GET | Latency: 0.1354s | Status: 200
2026-03-22 00:27:11,181 - API_MONITOR - INFO - Path: /api/movies/nowplaying | Method: GET | Latency: 5.3449s | Status: 200
